Using pre-set license
Built from '2020.2/release' branch; Version is '2020.2.0f1 (3721df5a8b28) revision 3613151'; Using compiler version '192528614'; Build Type 'Release'
OS: 'Windows 10  (10.0.0) 64bit' Language: 'en' Physical Memory: 8092 MB
BatchMode: 1, IsHumanControllingUs: 0, StartBugReporterOnCrash: 0, Is64bit: 1, IsPro: 0

 COMMAND LINE ARGUMENTS:
D:\UNITY\2020.2.0f1\Editor\Unity.exe
-adb2
-batchMode
-noUpm
-name
AssetImportWorker0
-projectPath
D:/UNITY/Killing Ground
-logFile
Logs/AssetImportWorker0.log
-srvPort
60804
Successfully changed project path to: D:/UNITY/Killing Ground
D:/UNITY/Killing Ground
Using Asset Import Pipeline V2.
Refreshing native plugins compatible for Editor in 52.80 ms, found 0 plugins.
Preloading 0 native plugins for Editor in 0.00 ms.
Initialize engine version: 2020.2.0f1 (3721df5a8b28)
[Subsystems] Discovering subsystems at path D:/UNITY/2020.2.0f1/Editor/Data/Resources/UnitySubsystems
[Subsystems] Discovering subsystems at path D:/UNITY/Killing Ground/Assets
GfxDevice: creating device client; threaded=0
Direct3D:
    Version:  Direct3D 11.0 [level 11.0]
    Renderer: NVIDIA GeForce 940MX (ID=0x134d)
    Vendor:   
    VRAM:     4065 MB
    Driver:   22.21.13.8264
Initialize mono
Mono path[0] = 'D:/UNITY/2020.2.0f1/Editor/Data/Managed'
Mono path[1] = 'D:/UNITY/2020.2.0f1/Editor/Data/MonoBleedingEdge/lib/mono/unityjit'
Mono config path = 'D:/UNITY/2020.2.0f1/Editor/Data/MonoBleedingEdge/etc'
Using monoOptions --debugger-agent=transport=dt_socket,embedding=1,server=y,suspend=n,address=127.0.0.1:56088
Begin MonoManager ReloadAssembly
Registering precompiled unity dll's ...
Register platform support module: D:/UNITY/2020.2.0f1/Editor/Data/PlaybackEngines/WebGLSupport/UnityEditor.WebGL.Extensions.dll
Register platform support module: D:/UNITY/2020.2.0f1/Editor/Data/PlaybackEngines/WindowsStandaloneSupport/UnityEditor.WindowsStandalone.Extensions.dll
Registered in 0.002752 seconds.
Native extension for WindowsStandalone target not found
Native extension for WebGL target not found
Refreshing native plugins compatible for Editor in 33.28 ms, found 0 plugins.
Preloading 0 native plugins for Editor in 0.00 ms.
Invoked RoslynAnalysisRunner static constructor.
RoslynAnalysisRunner will not be running.
RoslynAnalysisRunner has terminated.
Mono: successfully reloaded assembly
- Completed reload, in  2.787 seconds
Platform modules already initialized, skipping
Registering precompiled user dll's ...
Registered in 0.000708 seconds.
Begin MonoManager ReloadAssembly
Native extension for WindowsStandalone target not found
Native extension for WebGL target not found
Refreshing native plugins compatible for Editor in 0.28 ms, found 0 plugins.
Preloading 0 native plugins for Editor in 0.00 ms.
Invoked RoslynAnalysisRunner static constructor.
RoslynAnalysisRunner will not be running.
RoslynAnalysisRunner has terminated.
Mono: successfully reloaded assembly
- Completed reload, in  1.078 seconds
Platform modules already initialized, skipping
========================================================================
Worker process is ready to serve import requests
Launched and connected shader compiler UnityShaderCompiler.exe after 0.05 seconds
Refreshing native plugins compatible for Editor in 0.23 ms, found 0 plugins.
Preloading 0 native plugins for Editor in 0.00 ms.
Unloading 1113 Unused Serialized files (Serialized files now loaded: 0)
System memory in use before: 58.9 MB.
System memory in use after: 58.9 MB.

Unloading 10 unused Assets to reduce memory usage. Loaded Objects now: 1558.
Total: 2.301700 ms (FindLiveObjects: 0.455200 ms CreateObjectMapping: 0.121400 ms MarkObjects: 1.616400 ms  DeleteObjects: 0.106600 ms)

========================================================================
Received Import Request.
  path: Assets/Scripts/Mortality.cs
  artifactKey: Guid(fdb225a33aca7484baea575823f9989f) Importer(815301076,1909f56bfc062723c751e8b465ee728b)
Start importing Assets/Scripts/Mortality.cs using Guid(fdb225a33aca7484baea575823f9989f) Importer(815301076,1909f56bfc062723c751e8b465ee728b)  -> (artifact id: 'ed49d3f9da95a3b25ba0b0f52f0be8d8') in 0.031119 seconds
  Import took 0.033652 seconds .

========================================================================
Received Import Request.
  Time since last request: 2286.420535 seconds.
  path: Assets/EXTERNAL ASSETS/StudioNewPunch
  artifactKey: Guid(5bc1282bab730aa409cc14a7baf496c0) Importer(815301076,1909f56bfc062723c751e8b465ee728b)
Start importing Assets/EXTERNAL ASSETS/StudioNewPunch using Guid(5bc1282bab730aa409cc14a7baf496c0) Importer(815301076,1909f56bfc062723c751e8b465ee728b)  -> (artifact id: 'b38c08c8871a3ae86ad711c5752b3729') in 0.008522 seconds
  Import took 0.045635 seconds .

========================================================================
Received Import Request.
  Time since last request: 1.011535 seconds.
  path: Assets/EXTERNAL ASSETS/StudioNewPunch/SuitPack
  artifactKey: Guid(b570bee932c0d094d9ddca3d0d5f281d) Importer(815301076,1909f56bfc062723c751e8b465ee728b)
Start importing Assets/EXTERNAL ASSETS/StudioNewPunch/SuitPack using Guid(b570bee932c0d094d9ddca3d0d5f281d) Importer(815301076,1909f56bfc062723c751e8b465ee728b)  -> (artifact id: '3b65e943f7c44bc0b39c483269544ac4') in 0.006446 seconds
  Import took 0.034578 seconds .

========================================================================
Received Import Request.
  Time since last request: 0.695725 seconds.
  path: Assets/EXTERNAL ASSETS/StudioNewPunch/SuitPack/SuitedMan
  artifactKey: Guid(6c2894ebc3801fb4fbdcda9f83bdef1c) Importer(815301076,1909f56bfc062723c751e8b465ee728b)
Start importing Assets/EXTERNAL ASSETS/StudioNewPunch/SuitPack/SuitedMan using Guid(6c2894ebc3801fb4fbdcda9f83bdef1c) Importer(815301076,1909f56bfc062723c751e8b465ee728b)  -> (artifact id: '318d2b2a01959cbf5e3a84a9969154c7') in 0.006510 seconds
  Import took 0.011794 seconds .

========================================================================
Received Import Request.
  Time since last request: 1.751999 seconds.
  path: Assets/EXTERNAL ASSETS/StudioNewPunch/SuitPack/SuitedMan/ManInSuitScene.unity
  artifactKey: Guid(167f3ad7907ac894fb2c8007ba5b30e6) Importer(815301076,1909f56bfc062723c751e8b465ee728b)
Start importing Assets/EXTERNAL ASSETS/StudioNewPunch/SuitPack/SuitedMan/ManInSuitScene.unity using Guid(167f3ad7907ac894fb2c8007ba5b30e6) Importer(815301076,1909f56bfc062723c751e8b465ee728b)  -> (artifact id: '5979e84a3c6e0d58e456268cd771b5ea') in 0.064729 seconds
  Import took 0.096903 seconds .

========================================================================
Received Import Request.
  Time since last request: 11.147246 seconds.
  path: Assets/EXTERNAL ASSETS/StudioNewPunch/SuitPack/SuitedMan/Prefabs
  artifactKey: Guid(b281ca45a30ec9b4ea7087e58f8040c9) Importer(815301076,1909f56bfc062723c751e8b465ee728b)
Start importing Assets/EXTERNAL ASSETS/StudioNewPunch/SuitPack/SuitedMan/Prefabs using Guid(b281ca45a30ec9b4ea7087e58f8040c9) Importer(815301076,1909f56bfc062723c751e8b465ee728b)  -> (artifact id: 'dd673be19ea5596662b42ebad1b163e5') in 0.007342 seconds
  Import took 0.025185 seconds .

========================================================================
Received Import Request.
  Time since last request: 0.051019 seconds.
  path: Assets/EXTERNAL ASSETS/StudioNewPunch/SuitPack/SuitedMan/Prefabs/BlueSuitFree01.prefab
  artifactKey: Guid(1d3b1a1513de66247974634911345b98) Importer(815301076,1909f56bfc062723c751e8b465ee728b)
Start importing Assets/EXTERNAL ASSETS/StudioNewPunch/SuitPack/SuitedMan/Prefabs/BlueSuitFree01.prefab using Guid(1d3b1a1513de66247974634911345b98) Importer(815301076,1909f56bfc062723c751e8b465ee728b)  -> (artifact id: '55c3fa6e810940f550ff69f83bc8fb12') in 3.293138 seconds
  Import took 3.307537 seconds .

========================================================================
Received Import Request.
  Time since last request: 356.146449 seconds.
  path: Assets/EXTERNAL ASSETS/StudioNewPunch/SuitPack/SuitedMan/Prefabs/BlueSuitFree01.prefab
  artifactKey: Guid(1d3b1a1513de66247974634911345b98) Importer(815301076,1909f56bfc062723c751e8b465ee728b)
Start importing Assets/EXTERNAL ASSETS/StudioNewPunch/SuitPack/SuitedMan/Prefabs/BlueSuitFree01.prefab using Guid(1d3b1a1513de66247974634911345b98) Importer(815301076,1909f56bfc062723c751e8b465ee728b)  -> (artifact id: '0dc71e0063b58c5e2ac82eb6843ac11d') in 0.286282 seconds
  Import took 0.326879 seconds .

========================================================================
Received Prepare
Registering precompiled user dll's ...
Registered in 0.001056 seconds.
Begin MonoManager ReloadAssembly
Native extension for WindowsStandalone target not found
Native extension for WebGL target not found
Refreshing native plugins compatible for Editor in 0.26 ms, found 0 plugins.
Preloading 0 native plugins for Editor in 0.00 ms.
Invoked RoslynAnalysisRunner static constructor.
RoslynAnalysisRunner will not be running.
RoslynAnalysisRunner has terminated.
Mono: successfully reloaded assembly
- Completed reload, in  1.403 seconds
Platform modules already initialized, skipping
Refreshing native plugins compatible for Editor in 0.27 ms, found 0 plugins.
Preloading 0 native plugins for Editor in 0.00 ms.
Unloading 1095 Unused Serialized files (Serialized files now loaded: 0)
System memory in use before: 72.3 MB.
System memory in use after: 72.4 MB.

Unloading 5 unused Assets to reduce memory usage. Loaded Objects now: 1568.
Total: 2.248000 ms (FindLiveObjects: 0.236000 ms CreateObjectMapping: 0.064400 ms MarkObjects: 1.885400 ms  DeleteObjects: 0.060200 ms)

========================================================================
Received Prepare
Registering precompiled user dll's ...
Registered in 0.001157 seconds.
Begin MonoManager ReloadAssembly
Native extension for WindowsStandalone target not found
Native extension for WebGL target not found
Refreshing native plugins compatible for Editor in 0.24 ms, found 0 plugins.
Preloading 0 native plugins for Editor in 0.00 ms.
Invoked RoslynAnalysisRunner static constructor.
RoslynAnalysisRunner will not be running.
RoslynAnalysisRunner has terminated.
Mono: successfully reloaded assembly
- Completed reload, in  0.993 seconds
Platform modules already initialized, skipping
Refreshing native plugins compatible for Editor in 0.31 ms, found 0 plugins.
Preloading 0 native plugins for Editor in 0.00 ms.
Unloading 1095 Unused Serialized files (Serialized files now loaded: 0)
System memory in use before: 72.7 MB.
System memory in use after: 72.7 MB.

Unloading 5 unused Assets to reduce memory usage. Loaded Objects now: 1570.
Total: 2.363400 ms (FindLiveObjects: 0.428100 ms CreateObjectMapping: 0.187700 ms MarkObjects: 1.688800 ms  DeleteObjects: 0.056600 ms)

========================================================================
Received Import Request.
  Time since last request: 987.207060 seconds.
  path: Assets/Animations/Running.fbx
  artifactKey: Guid(808e34bad1159bf488eedf66aa507adb) Importer(815301076,1909f56bfc062723c751e8b465ee728b)
Start importing Assets/Animations/Running.fbx using Guid(808e34bad1159bf488eedf66aa507adb) Importer(815301076,1909f56bfc062723c751e8b465ee728b)  -> (artifact id: '80ce17d54f5330040f7d06562cb3077c') in 1.375502 seconds
  Import took 1.576280 seconds .

========================================================================
Received Import Request.
  Time since last request: 16.262528 seconds.
  path: Assets/Animations/Running.fbx
  artifactKey: Guid(808e34bad1159bf488eedf66aa507adb) Importer(815301076,1909f56bfc062723c751e8b465ee728b)
Start importing Assets/Animations/Running.fbx using Guid(808e34bad1159bf488eedf66aa507adb) Importer(815301076,1909f56bfc062723c751e8b465ee728b)  -> (artifact id: 'ee479b4625d39f39a6898b719095748d') in 0.094397 seconds
  Import took 0.098139 seconds .

========================================================================
Received Import Request.
  Time since last request: 10.734634 seconds.
  path: Assets/Animations/Running.fbx
  artifactKey: Guid(808e34bad1159bf488eedf66aa507adb) Importer(815301076,1909f56bfc062723c751e8b465ee728b)
Start importing Assets/Animations/Running.fbx using Guid(808e34bad1159bf488eedf66aa507adb) Importer(815301076,1909f56bfc062723c751e8b465ee728b)  -> (artifact id: '0c3f966dd5b056feab1abe19fb50863d') in 0.090617 seconds
  Import took 0.093663 seconds .

========================================================================
Received Prepare
Registering precompiled user dll's ...
Registered in 0.000976 seconds.
Begin MonoManager ReloadAssembly
Native extension for WindowsStandalone target not found
Native extension for WebGL target not found
Refreshing native plugins compatible for Editor in 0.25 ms, found 0 plugins.
Preloading 0 native plugins for Editor in 0.00 ms.
Invoked RoslynAnalysisRunner static constructor.
RoslynAnalysisRunner will not be running.
RoslynAnalysisRunner has terminated.
Mono: successfully reloaded assembly
- Completed reload, in  1.010 seconds
Platform modules already initialized, skipping
Refreshing native plugins compatible for Editor in 0.35 ms, found 0 plugins.
Preloading 0 native plugins for Editor in 0.00 ms.
Unloading 1095 Unused Serialized files (Serialized files now loaded: 0)
System memory in use before: 73.6 MB.
System memory in use after: 73.7 MB.

Unloading 5 unused Assets to reduce memory usage. Loaded Objects now: 1609.
Total: 2.535900 ms (FindLiveObjects: 0.338800 ms CreateObjectMapping: 0.045300 ms MarkObjects: 2.099600 ms  DeleteObjects: 0.049800 ms)

========================================================================
Received Prepare
Registering precompiled user dll's ...
Registered in 0.000679 seconds.
Begin MonoManager ReloadAssembly
Native extension for WindowsStandalone target not found
Native extension for WebGL target not found
Refreshing native plugins compatible for Editor in 0.25 ms, found 0 plugins.
Preloading 0 native plugins for Editor in 0.00 ms.
Invoked RoslynAnalysisRunner static constructor.
RoslynAnalysisRunner will not be running.
RoslynAnalysisRunner has terminated.
Mono: successfully reloaded assembly
- Completed reload, in  0.968 seconds
Platform modules already initialized, skipping
Refreshing native plugins compatible for Editor in 0.27 ms, found 0 plugins.
Preloading 0 native plugins for Editor in 0.00 ms.
Unloading 1095 Unused Serialized files (Serialized files now loaded: 0)
System memory in use before: 74.0 MB.
System memory in use after: 74.0 MB.

Unloading 5 unused Assets to reduce memory usage. Loaded Objects now: 1611.
Total: 3.055100 ms (FindLiveObjects: 0.205800 ms CreateObjectMapping: 0.079900 ms MarkObjects: 2.690700 ms  DeleteObjects: 0.076600 ms)

========================================================================
Received Import Request.
  Time since last request: 651.214492 seconds.
  path: Assets/Models
  artifactKey: Guid(497a546a6de8e1b4dbabe4e3c22c5b35) Importer(815301076,1909f56bfc062723c751e8b465ee728b)
Start importing Assets/Models using Guid(497a546a6de8e1b4dbabe4e3c22c5b35) Importer(815301076,1909f56bfc062723c751e8b465ee728b)  -> (artifact id: 'a916ae1c09647e160f7b1841b827459b') in 0.016012 seconds
  Import took 0.180589 seconds .

========================================================================
Received Import Request.
  Time since last request: 46.162300 seconds.
  path: Assets/Models/cape.blend
  artifactKey: Guid(ceab33c814833c648b0007abf2e0a147) Importer(815301076,1909f56bfc062723c751e8b465ee728b)
Start importing Assets/Models/cape.blend using Guid(ceab33c814833c648b0007abf2e0a147) Importer(815301076,1909f56bfc062723c751e8b465ee728b)  -> (artifact id: 'c8a583a25bd1e8ae0c224ffab80a4f73') in 0.017432 seconds
  Import took 0.033242 seconds .

========================================================================
Received Import Request.
  Time since last request: 34.467252 seconds.
  path: Assets/Models/cape.zip
  artifactKey: Guid(067da75e9b15f134f9a9e74c9a346659) Importer(815301076,1909f56bfc062723c751e8b465ee728b)
Start importing Assets/Models/cape.zip using Guid(067da75e9b15f134f9a9e74c9a346659) Importer(815301076,1909f56bfc062723c751e8b465ee728b)  -> (artifact id: '539d9fe5f2d0cca1ce4c9a60c3912b50') in 0.012543 seconds
  Import took 0.016248 seconds .

========================================================================
Received Import Request.
  Time since last request: 357.653044 seconds.
  path: Assets/Scenes/SampleScene.unity
  artifactKey: Guid(9fc0d4010bbf28b4594072e72b8655ab) Importer(815301076,1909f56bfc062723c751e8b465ee728b)
Start importing Assets/Scenes/SampleScene.unity using Guid(9fc0d4010bbf28b4594072e72b8655ab) Importer(815301076,1909f56bfc062723c751e8b465ee728b)  -> (artifact id: 'e1deefdddada5956a4a004dd28f1c34a') in 0.006039 seconds
  Import took 0.046704 seconds .

========================================================================
Received Import Request.
  Time since last request: 1.347304 seconds.
  path: Assets/Scenes/SampleScene
  artifactKey: Guid(117b76e630704f347a0f4b7d79ff76f5) Importer(815301076,1909f56bfc062723c751e8b465ee728b)
Start importing Assets/Scenes/SampleScene using Guid(117b76e630704f347a0f4b7d79ff76f5) Importer(815301076,1909f56bfc062723c751e8b465ee728b)  -> (artifact id: 'f30f8591ac59ad5ce38365c2304270b9') in 0.004568 seconds
  Import took 0.134021 seconds .

========================================================================
Received Import Request.
  Time since last request: 0.000295 seconds.
  path: Assets/Scenes/SampleScene/NavMesh.asset
  artifactKey: Guid(3428e70b184799c4cbefe83383b8b920) Importer(815301076,1909f56bfc062723c751e8b465ee728b)
Start importing Assets/Scenes/SampleScene/NavMesh.asset using Guid(3428e70b184799c4cbefe83383b8b920) Importer(815301076,1909f56bfc062723c751e8b465ee728b)  -> (artifact id: 'f4b9a4110ccfcdffbbebaed13bab96c7') in 0.018451 seconds
  Import took 0.024385 seconds .

========================================================================
Received Import Request.
  Time since last request: 15.265133 seconds.
  path: Assets/Models/scene.gltf
  artifactKey: Guid(8c763ca484512714b96565d21ebf1334) Importer(815301076,1909f56bfc062723c751e8b465ee728b)
Start importing Assets/Models/scene.gltf using Guid(8c763ca484512714b96565d21ebf1334) Importer(815301076,1909f56bfc062723c751e8b465ee728b)  -> (artifact id: 'ced7d96461d147f8d4959ebfcca1aaf3') in 0.011561 seconds
  Import took 0.042087 seconds .

========================================================================
Received Import Request.
  Time since last request: 946.395740 seconds.
  path: Assets/Models/cape.blend
  artifactKey: Guid(ceab33c814833c648b0007abf2e0a147) Importer(815301076,1909f56bfc062723c751e8b465ee728b)
Start importing Assets/Models/cape.blend using Guid(ceab33c814833c648b0007abf2e0a147) Importer(815301076,1909f56bfc062723c751e8b465ee728b)  -> (artifact id: '094847940e6155d2541cc250bd9e6880') in 0.234770 seconds
  Import took 0.367404 seconds .

========================================================================
Received Prepare
Registering precompiled user dll's ...
Registered in 0.001135 seconds.
Begin MonoManager ReloadAssembly
Native extension for WindowsStandalone target not found
Native extension for WebGL target not found
Refreshing native plugins compatible for Editor in 0.26 ms, found 0 plugins.
Preloading 0 native plugins for Editor in 0.00 ms.
Invoked RoslynAnalysisRunner static constructor.
RoslynAnalysisRunner will not be running.
RoslynAnalysisRunner has terminated.
Mono: successfully reloaded assembly
- Completed reload, in  0.912 seconds
Platform modules already initialized, skipping
Refreshing native plugins compatible for Editor in 0.77 ms, found 0 plugins.
Preloading 0 native plugins for Editor in 0.00 ms.
Unloading 1106 Unused Serialized files (Serialized files now loaded: 0)
System memory in use before: 81.3 MB.
System memory in use after: 75.3 MB.

Unloading 11 unused Assets to reduce memory usage. Loaded Objects now: 1619.
Total: 5.464000 ms (FindLiveObjects: 0.635200 ms CreateObjectMapping: 0.122500 ms MarkObjects: 1.981600 ms  DeleteObjects: 2.722400 ms)

========================================================================
Received Prepare
Registering precompiled user dll's ...
Registered in 0.000948 seconds.
Begin MonoManager ReloadAssembly
Native extension for WindowsStandalone target not found
Native extension for WebGL target not found
Refreshing native plugins compatible for Editor in 0.26 ms, found 0 plugins.
Preloading 0 native plugins for Editor in 0.00 ms.
Invoked RoslynAnalysisRunner static constructor.
RoslynAnalysisRunner will not be running.
RoslynAnalysisRunner has terminated.
Mono: successfully reloaded assembly
- Completed reload, in  1.035 seconds
Platform modules already initialized, skipping
Refreshing native plugins compatible for Editor in 0.26 ms, found 0 plugins.
Preloading 0 native plugins for Editor in 0.00 ms.
Unloading 1105 Unused Serialized files (Serialized files now loaded: 0)
System memory in use before: 80.8 MB.
System memory in use after: 74.8 MB.

Unloading 11 unused Assets to reduce memory usage. Loaded Objects now: 1621.
Total: 4.931700 ms (FindLiveObjects: 0.247900 ms CreateObjectMapping: 0.059100 ms MarkObjects: 2.368500 ms  DeleteObjects: 2.254300 ms)

========================================================================
Received Import Request.
  Time since last request: 1177.269059 seconds.
  path: Assets/Models/No Name.mat
  artifactKey: Guid(fe41949cae9d1454687813d65217d444) Importer(815301076,1909f56bfc062723c751e8b465ee728b)
Start importing Assets/Models/No Name.mat using Guid(fe41949cae9d1454687813d65217d444) Importer(815301076,1909f56bfc062723c751e8b465ee728b)  -> (artifact id: '868847f0f38becf4f247145c706f477b') in 1.278293 seconds
  Import took 1.282152 seconds .

========================================================================
Received Prepare
Registering precompiled user dll's ...
Registered in 0.000732 seconds.
Begin MonoManager ReloadAssembly
Native extension for WindowsStandalone target not found
Native extension for WebGL target not found
Refreshing native plugins compatible for Editor in 0.43 ms, found 0 plugins.
Preloading 0 native plugins for Editor in 0.00 ms.
Invoked RoslynAnalysisRunner static constructor.
RoslynAnalysisRunner will not be running.
RoslynAnalysisRunner has terminated.
Mono: successfully reloaded assembly
- Completed reload, in  1.094 seconds
Platform modules already initialized, skipping
Refreshing native plugins compatible for Editor in 0.25 ms, found 0 plugins.
Preloading 0 native plugins for Editor in 0.00 ms.
Unloading 1105 Unused Serialized files (Serialized files now loaded: 0)
System memory in use before: 81.2 MB.
System memory in use after: 75.2 MB.

Unloading 11 unused Assets to reduce memory usage. Loaded Objects now: 1624.
Total: 3.848100 ms (FindLiveObjects: 0.149700 ms CreateObjectMapping: 0.043000 ms MarkObjects: 1.445000 ms  DeleteObjects: 2.208900 ms)

========================================================================
Received Prepare
Registering precompiled user dll's ...
Registered in 0.000693 seconds.
Begin MonoManager ReloadAssembly
Native extension for WindowsStandalone target not found
Native extension for WebGL target not found
Refreshing native plugins compatible for Editor in 0.53 ms, found 0 plugins.
Preloading 0 native plugins for Editor in 0.00 ms.
Invoked RoslynAnalysisRunner static constructor.
RoslynAnalysisRunner will not be running.
RoslynAnalysisRunner has terminated.
Mono: successfully reloaded assembly
- Completed reload, in  1.005 seconds
Platform modules already initialized, skipping
Refreshing native plugins compatible for Editor in 0.29 ms, found 0 plugins.
Preloading 0 native plugins for Editor in 0.00 ms.
Unloading 1105 Unused Serialized files (Serialized files now loaded: 0)
System memory in use before: 81.2 MB.
System memory in use after: 75.2 MB.

Unloading 11 unused Assets to reduce memory usage. Loaded Objects now: 1626.
Total: 8.128300 ms (FindLiveObjects: 0.246700 ms CreateObjectMapping: 0.075800 ms MarkObjects: 3.832500 ms  DeleteObjects: 3.971100 ms)

========================================================================
Received Import Request.
  Time since last request: 2765.599656 seconds.
  path: Assets/Models/No Name.mat
  artifactKey: Guid(fe41949cae9d1454687813d65217d444) Importer(815301076,1909f56bfc062723c751e8b465ee728b)
Start importing Assets/Models/No Name.mat using Guid(fe41949cae9d1454687813d65217d444) Importer(815301076,1909f56bfc062723c751e8b465ee728b)  -> (artifact id: '8b9302f79075c76428450022588e434b') in 0.111336 seconds
  Import took 0.114283 seconds .

========================================================================
Received Prepare
Registering precompiled user dll's ...
Registered in 0.001251 seconds.
Begin MonoManager ReloadAssembly
Native extension for WindowsStandalone target not found
Native extension for WebGL target not found
Refreshing native plugins compatible for Editor in 0.33 ms, found 0 plugins.
Preloading 0 native plugins for Editor in 0.00 ms.
Invoked RoslynAnalysisRunner static constructor.
RoslynAnalysisRunner will not be running.
RoslynAnalysisRunner has terminated.
Mono: successfully reloaded assembly
- Completed reload, in  2.426 seconds
Platform modules already initialized, skipping
Refreshing native plugins compatible for Editor in 0.80 ms, found 0 plugins.
Preloading 0 native plugins for Editor in 0.00 ms.
Unloading 1105 Unused Serialized files (Serialized files now loaded: 0)
System memory in use before: 81.1 MB.
System memory in use after: 75.6 MB.

Unloading 10 unused Assets to reduce memory usage. Loaded Objects now: 1630.
Total: 6.414300 ms (FindLiveObjects: 0.318300 ms CreateObjectMapping: 0.063900 ms MarkObjects: 3.025800 ms  DeleteObjects: 3.004400 ms)

AssetImportWorkerClient::OnTransportError - code=2 error=End of file
